make all --print-data-base --no-builtin-variables --no-builtin-rules --question
# GNU Make 3.81
# Copyright (C) 2006  Free Software Foundation, Inc.
# This is free software; see the source for copying conditions.
# There is NO warranty; not even for MERCHANTABILITY or FITNESS FOR A
# PARTICULAR PURPOSE.

# This program built for i386-apple-darwin11.3.0
 
make: *** No rule to make target `all'.  Stop.


# Make data base, printed on Mon Jun  6 10:42:53 2022

# Variables

# automatic
<D = $(patsubst %/,%,$(dir $<))
# automatic
?F = $(notdir $?)
# environment
ELECTRON_NO_ATTACH_CONSOLE = 1
# environment
 
HOMEBREW_NO_ANALYTICS = 1
# environment
LC_CTYPE = UTF-8
# environment
VSCODE_LOG_NATIVE = false
# automatic
?D = $(patsubst %/,%,$(dir $?))
# automatic
@D = $(patsubst %/,%,$(dir $@))
# automatic
@F = $(notdir $@)
# makefile
CURDIR := /Users/laurenztophof/code/lukasfleischhauer/frontend
# makefile
SHELL = /bin/sh
# environment
VSCODE_NLS_CONFIG = {"locale":"en-gb","availableLanguages":{},"_languagePackSupport":true}
# environment
_ = /usr/bin/make
# environment
GOOGLE_APPLICATION_CREDENTIALS = /Users/laurenztophof/Desktop/GCP/le-wagon-bootcamp-351309-792e45654745.json
# makefile (from `Makefile', line 1)
MAKEFILE_LIST :=  Makefile
# environment
VSCODE_VERBOSE_LOGGING = true
# environment
__CFBundleIdentifier = com.microsoft.VSCode
# environment
VSCODE_IPC_HOOK_EXTHOST = /var/folders/2q/rn1rjrp95_zgwhc4bkwcln3w0000gn/T/vscode-ipc-a59d78b1-5a2b-4115-ac39-3c3bc5a039e7.sock
# environment
VSCODE_CWD = /Users/laurenztophof/code/lukasfleischhauer/frontend
# environment
PATH = /Users/laurenztophof/code/lukasfleischhauer/protobuf/protoc-21.1-osx-aarch_64/bin:/usr/local/Caskroom/google-cloud-sdk/latest/google-cloud-sdk/bin:./bin:./node_modules/.bin:/Users/laurenztophof/.pyenv/plugins/pyenv-virtualenv/shims:/Users/laurenztophof/.rbenv/bin:/Users/laurenztophof/.pyenv/plugins/pyenv-virtualenv/shims:/Users/laurenztophof/.pyenv/shims:/Users/laurenztophof/.pyenv/bin:/usr/local/bin:/usr/bin:/bin:/usr/sbin:/sbin:/usr/local/sbin
# environment
LSCOLORS = Gxfxcxdxbxegedabagacad
# environment
VIRTUAL_ENV = /Users/laurenztophof/.pyenv/versions/3.8.13/envs/lewagon
# environment
LaunchInstanceID = 9A2AB905-EEAA-4FB0-9DD6-CD56CCA48C72
# environment
VSCODE_LOG_STACK = false
# environment
ELECTRON_RUN_AS_NODE = 1
# environment
PYENV_ROOT = /Users/laurenztophof/.pyenv
# default
.FEATURES := target-specific order-only second-expansion else-if archives jobserver check-symlink
# environment
SSH_AUTH_SOCK = /private/tmp/com.apple.launchd.9oQ87pbxTb/Listeners
# automatic
%F = $(notdir $%)
# environment
VSCODE_PIPE_LOGGING = true
# environment
PWD = /Users/laurenztophof/code/lukasfleischhauer/frontend
# environment
ORIGINAL_XDG_CURRENT_DESKTOP = undefined
# environment
VSCODE_AMD_ENTRYPOINT = vs/workbench/api/node/extensionHostProcess
# environment
PYENV_SHELL = zsh
# environment
HOME = /Users/laurenztophof
# default
MAKEFILEPATH = $(shell /usr/bin/xcode-select -print-path 2>/dev/null || echo /Developer)/Makefiles
# environment
VSCODE_CLI = 1
# environment
VSCODE_CODE_CACHE_PATH = /Users/laurenztophof/Library/Application Support/Code/CachedData/c3511e6c69bb39013c4a4b7b9566ec1ca73fc4d5
# environment
LOGNAME = laurenztophof
# environment
BUNDLER_EDITOR = code
# environment
APPLICATION_INSIGHTS_NO_DIAGNOSTIC_CHANNEL = true
# environment
PYTHONBREAKPOINT = ipdb.set_trace
# environment
VSCODE_HANDLES_UNCAUGHT_ERRORS = true
# automatic
^D = $(patsubst %/,%,$(dir $^))
# environment
XPC_FLAGS = 0x0
# default
MAKE = $(MAKE_COMMAND)
# default
MAKECMDGOALS := all
# environment
SHLVL = 3
# default
MAKE_VERSION := 3.81
# environment
USER = laurenztophof
# makefile
.DEFAULT_GOAL := install_requirements
# environment
TERM_SESSION_ID = 9BA0E654-DF9C-4710-927B-2CAA9E539555
# environment
LESS = -R
# automatic
%D = $(patsubst %/,%,$(dir $%))
# default
MAKE_COMMAND := /Library/Developer/CommandLineTools/usr/bin/make
# environment
TERM_PROGRAM = Apple_Terminal
# default
.VARIABLES := 
# environment
TMPDIR = /var/folders/2q/rn1rjrp95_zgwhc4bkwcln3w0000gn/T/
# automatic
*F = $(notdir $*)
# environment
VSCODE_IPC_HOOK = /Users/laurenztophof/Library/Application Support/Code/1.67.2-main.sock
# environment
PYTHONPATH = /Users/laurenztophof/code/laurenztophof/data-challenges/04-Decision-Science:
# makefile
MAKEFLAGS = Rrqp
# environment
MFLAGS = -Rrqp
# automatic
*D = $(patsubst %/,%,$(dir $*))
# environment
TERM_PROGRAM_VERSION = 443
# environment
NVM_DIR = /Users/laurenztophof/.nvm
# environment
XPC_SERVICE_NAME = application.com.microsoft.VSCode.4561004.4561010.61940FAB-B5FB-4348-A5F2-D80BB0C162DB
# automatic
+D = $(patsubst %/,%,$(dir $+))
# automatic
+F = $(notdir $+)
# environment
__CF_USER_TEXT_ENCODING = 0x1F5:0x0:0x0
# environment
COMMAND_MODE = unix2003
# default
MAKEFILES := 
# automatic
<F = $(notdir $<)
# environment
EDITOR = code
# environment
PAGER = less
# environment
LC_ALL = C
# environment
PYENV_VIRTUALENV_DISABLE_PROMPT = 1
# environment
PYENV_VIRTUAL_ENV = /Users/laurenztophof/.pyenv/versions/3.8.13/envs/lewagon
# environment
SECURITYSESSIONID = 186b1
# automatic
^F = $(notdir $^)
# default
SUFFIXES := 
# environment
PYENV_VIRTUALENV_INIT = 1
# default
.INCLUDE_DIRS = /usr/local/include
# environment
MAKELEVEL := 0
# environment
LANG = C
# environment
TERM = xterm-256color
# environment
VSCODE_PID = 515
# variable set hash-table stats:
 
# Load=87/1024=8%, Rehash=0, Collisions=2/111=2%

# Pattern-specific Variable Values

# No pattern-specific variable values.

# Directories

# . (device 16777232, inode 5959364): 11 files, no impossibilities.

# 11 files, no impossibilities in 1 directories.

# Implicit Rules

# No implicit rules.

# Files

# Not a target:
all:
#  Command-line target.
#  Implicit rule search has been done.
#  File does not exist.
#  File has not been updated.
 
# variable set hash-table stats:
# Load=0/32=0%, Rehash=0, Collisions=0/0=0%

install_requirements:
#  Implicit rule search has not been done.
#  Modification time never checked.
#  File has not been updated.
#  commands to execute (from `Makefile', line 2):
	@pip install -r requirements.txt
	

# Not a target:
.SUFFIXES:
#  Implicit rule search has not been done.
#  Modification time never checked.
#  File has not been updated.

# Not a target:
Makefile:
#  Implicit rule search has been done.
#  Last modified 2022-06-02 11:08:05
#  File has been updated.
#  Successfully updated.
# variable set hash-table stats:
# Load=0/32=0%, Rehash=0, Collisions=0/0=0%

heroku_login:
#  Implicit rule search has not been done.
#  Modification time never checked.
#  File has not been updated.
#  commands to execute (from `Makefile', line 12):
	-@heroku login
	

heroku_create_app:
#  Implicit rule search has not been done.
#  Modification time never checked.
#  File has not been updated.
#  commands to execute (from `Makefile', line 15):
	-@heroku create ${find-wally}
	

deploy_heroku:
#  Implicit rule search has not been done.
#  Modification time never checked.
#  File has not been updated.
#  commands to execute (from `Makefile', line 18):
	-@git push heroku master
	-@heroku ps:scale web=1
	

# Not a target:
.DEFAULT:
#  Implicit rule search has not been done.
#  Modification time never checked.
#  File has not been updated.

clean:
#  Implicit rule search has not been done.
#  Modification time never checked.
#  File has not been updated.
#  commands to execute (from `Makefile', line 28):
	@rm -fr */__pycache__
	@rm -fr __init__.py
	@rm -fr build
	@rm -fr dist
	@rm -fr *.dist-info
	@rm -fr *.egg-info
	-@rm model.joblib
	

streamlit:
#  Implicit rule search has not been done.
#  Modification time never checked.
#  File has not been updated.
#  commands to execute (from `Makefile', line 9):
	-@streamlit run app.py
	

install:
#  Implicit rule search has not been done.
#  Modification time never checked.
#  File has not been updated.
#  commands to execute (from `Makefile', line 25):
	@pip install . -U
	

# files hash-table stats:
 
# Load=11/1024=1%, Rehash=0, Collisions=0/23=0%
# VPATH Search Paths

# No `vpath' search paths.

# No general (`VPATH' variable) search path.

# # of strings in strcache: 1
# # of strcache buffers: 1
# strcache size: total = 4096 / max = 4096 / min = 4096 / avg = 4096
# strcache free: total = 4087 / max = 4087 / min = 4087 / avg = 4087

# Finished Make data base on Mon Jun  6 10:42:53 2022

 
